#! /Users/mvasconezg/oss-cad-suite/bin/vvp
:ivl_version "14.0 (devel)" "(s20260301-168-g7b2c05045-dirty)";
:ivl_delay_selection "TYPICAL";
:vpi_time_precision + 0;
:vpi_module "/Users/mvasconezg/oss-cad-suite/lib/ivl/system.vpi";
:vpi_module "/Users/mvasconezg/oss-cad-suite/lib/ivl/vhdl_sys.vpi";
:vpi_module "/Users/mvasconezg/oss-cad-suite/lib/ivl/vhdl_textio.vpi";
:vpi_module "/Users/mvasconezg/oss-cad-suite/lib/ivl/v2005_math.vpi";
:vpi_module "/Users/mvasconezg/oss-cad-suite/lib/ivl/va_math.vpi";
S_0x101aac2d0 .scope module, "Act10" "Act10" 2 1;
 .timescale 0 0;
    .port_info 0 /INPUT 2 "sel";
    .port_info 1 /INPUT 1 "i";
    .port_info 2 /OUTPUT 1 "y0";
    .port_info 3 /OUTPUT 1 "y1";
    .port_info 4 /OUTPUT 1 "y2";
    .port_info 5 /OUTPUT 1 "y3";
o0x726c20010 .functor BUFZ 1, c4<z>; HiZ drive
v0x101ab21c0_0 .net "i", 0 0, o0x726c20010;  0 drivers
o0x726c20040 .functor BUFZ 2, c4<zz>; HiZ drive
v0x101ab2260_0 .net "sel", 1 0, o0x726c20040;  0 drivers
v0x101ab2300_0 .var "y0", 0 0;
v0x101ab23a0_0 .var "y1", 0 0;
v0x101ab2440_0 .var "y2", 0 0;
v0x101ab24e0_0 .var "y3", 0 0;
E_0x101aacec0 .event anyedge, v0x101ab2260_0, v0x101ab21c0_0;
    .scope S_0x101aac2d0;
T_0 ;
    %wait E_0x101aacec0;
    %load/vec4 v0x101ab2260_0;
    %dup/vec4;
    %pushi/vec4 0, 0, 2;
    %cmp/e;
    %jmp/1 T_0.0, 6;
    %dup/vec4;
    %pushi/vec4 1, 0, 2;
    %cmp/e;
    %jmp/1 T_0.1, 6;
    %dup/vec4;
    %pushi/vec4 2, 0, 2;
    %cmp/e;
    %jmp/1 T_0.2, 6;
    %dup/vec4;
    %pushi/vec4 3, 0, 2;
    %cmp/e;
    %jmp/1 T_0.3, 6;
    %vpi_call 2 13 "$display", "Invalid sel input" {0 0 0};
    %jmp T_0.5;
T_0.0 ;
    %load/vec4 v0x101ab21c0_0;
    %concati/vec4 0, 0, 3;
    %split/vec4 1;
    %store/vec4 v0x101ab24e0_0, 0, 1;
    %split/vec4 1;
    %store/vec4 v0x101ab2440_0, 0, 1;
    %split/vec4 1;
    %store/vec4 v0x101ab23a0_0, 0, 1;
    %store/vec4 v0x101ab2300_0, 0, 1;
    %jmp T_0.5;
T_0.1 ;
    %pushi/vec4 0, 0, 1;
    %load/vec4 v0x101ab21c0_0;
    %concat/vec4; draw_concat_vec4
    %concati/vec4 0, 0, 2;
    %split/vec4 1;
    %store/vec4 v0x101ab24e0_0, 0, 1;
    %split/vec4 1;
    %store/vec4 v0x101ab2440_0, 0, 1;
    %split/vec4 1;
    %store/vec4 v0x101ab23a0_0, 0, 1;
    %store/vec4 v0x101ab2300_0, 0, 1;
    %jmp T_0.5;
T_0.2 ;
    %pushi/vec4 0, 0, 2;
    %load/vec4 v0x101ab21c0_0;
    %concat/vec4; draw_concat_vec4
    %concati/vec4 0, 0, 1;
    %split/vec4 1;
    %store/vec4 v0x101ab24e0_0, 0, 1;
    %split/vec4 1;
    %store/vec4 v0x101ab2440_0, 0, 1;
    %split/vec4 1;
    %store/vec4 v0x101ab23a0_0, 0, 1;
    %store/vec4 v0x101ab2300_0, 0, 1;
    %jmp T_0.5;
T_0.3 ;
    %pushi/vec4 0, 0, 3;
    %load/vec4 v0x101ab21c0_0;
    %concat/vec4; draw_concat_vec4
    %split/vec4 1;
    %store/vec4 v0x101ab24e0_0, 0, 1;
    %split/vec4 1;
    %store/vec4 v0x101ab2440_0, 0, 1;
    %split/vec4 1;
    %store/vec4 v0x101ab23a0_0, 0, 1;
    %store/vec4 v0x101ab2300_0, 0, 1;
    %jmp T_0.5;
T_0.5 ;
    %pop/vec4 1;
    %jmp T_0;
    .thread T_0, $push;
# The file index is used to find the file name in the following table.
:file_names 3;
    "N/A";
    "<interactive>";
    "Act10.v";
