#! /Users/mvasconezg/oss-cad-suite/bin/vvp
:ivl_version "14.0 (devel)" "(s20260301-168-g7b2c05045-dirty)";
:ivl_delay_selection "TYPICAL";
:vpi_time_precision + 0;
:vpi_module "/Users/mvasconezg/oss-cad-suite/lib/ivl/system.vpi";
:vpi_module "/Users/mvasconezg/oss-cad-suite/lib/ivl/vhdl_sys.vpi";
:vpi_module "/Users/mvasconezg/oss-cad-suite/lib/ivl/vhdl_textio.vpi";
:vpi_module "/Users/mvasconezg/oss-cad-suite/lib/ivl/v2005_math.vpi";
:vpi_module "/Users/mvasconezg/oss-cad-suite/lib/ivl/va_math.vpi";
S_0x103948f00 .scope module, "Act10_MUX" "Act10_MUX" 2 1;
 .timescale 0 0;
    .port_info 0 /INPUT 2 "sel";
    .port_info 1 /INPUT 4 "i";
    .port_info 2 /OUTPUT 1 "y";
o0xbcec20010 .functor BUFZ 4, c4<zzzz>; HiZ drive
v0x103944b40_0 .net "i", 3 0, o0xbcec20010;  0 drivers
o0xbcec20040 .functor BUFZ 2, c4<zz>; HiZ drive
v0x103949390_0 .net "sel", 1 0, o0xbcec20040;  0 drivers
v0x103949450_0 .var "y", 0 0;
E_0x103944f90 .event anyedge, v0x103949390_0, v0x103944b40_0;
    .scope S_0x103948f00;
T_0 ;
    %wait E_0x103944f90;
    %load/vec4 v0x103949390_0;
    %dup/vec4;
    %pushi/vec4 0, 0, 2;
    %cmp/e;
    %jmp/1 T_0.0, 6;
    %dup/vec4;
    %pushi/vec4 1, 0, 2;
    %cmp/e;
    %jmp/1 T_0.1, 6;
    %dup/vec4;
    %pushi/vec4 2, 0, 2;
    %cmp/e;
    %jmp/1 T_0.2, 6;
    %dup/vec4;
    %pushi/vec4 3, 0, 2;
    %cmp/e;
    %jmp/1 T_0.3, 6;
    %pushi/vec4 1, 1, 1;
    %store/vec4 v0x103949450_0, 0, 1;
    %jmp T_0.5;
T_0.0 ;
    %load/vec4 v0x103944b40_0;
    %parti/s 1, 0, 2;
    %store/vec4 v0x103949450_0, 0, 1;
    %jmp T_0.5;
T_0.1 ;
    %load/vec4 v0x103944b40_0;
    %parti/s 1, 1, 2;
    %store/vec4 v0x103949450_0, 0, 1;
    %jmp T_0.5;
T_0.2 ;
    %load/vec4 v0x103944b40_0;
    %parti/s 1, 2, 3;
    %store/vec4 v0x103949450_0, 0, 1;
    %jmp T_0.5;
T_0.3 ;
    %load/vec4 v0x103944b40_0;
    %parti/s 1, 3, 3;
    %store/vec4 v0x103949450_0, 0, 1;
    %jmp T_0.5;
T_0.5 ;
    %pop/vec4 1;
    %jmp T_0;
    .thread T_0, $push;
# The file index is used to find the file name in the following table.
:file_names 3;
    "N/A";
    "<interactive>";
    "Act10_MUX.v";
