#! /Users/mvasconezg/oss-cad-suite/bin/vvp
:ivl_version "14.0 (devel)" "(s20260301-168-g7b2c05045-dirty)";
:ivl_delay_selection "TYPICAL";
:vpi_time_precision + 0;
:vpi_module "/Users/mvasconezg/oss-cad-suite/lib/ivl/system.vpi";
:vpi_module "/Users/mvasconezg/oss-cad-suite/lib/ivl/vhdl_sys.vpi";
:vpi_module "/Users/mvasconezg/oss-cad-suite/lib/ivl/vhdl_textio.vpi";
:vpi_module "/Users/mvasconezg/oss-cad-suite/lib/ivl/v2005_math.vpi";
:vpi_module "/Users/mvasconezg/oss-cad-suite/lib/ivl/va_math.vpi";
S_0x103504a30 .scope module, "Act10_MUX_tb" "Act10_MUX_tb" 2 1;
 .timescale 0 0;
v0x10350c8a0_0 .var "i", 3 0;
v0x10350c940_0 .var "sel", 1 0;
v0x10350c9e0_0 .net "y", 0 0, v0x10350c800_0;  1 drivers
S_0x103507de0 .scope module, "DUT" "Act10_MUX" 2 5, 3 1 0, S_0x103504a30;
 .timescale 0 0;
    .port_info 0 /INPUT 2 "sel";
    .port_info 1 /INPUT 4 "i";
    .port_info 2 /OUTPUT 1 "y";
v0x103507f60_0 .net "i", 3 0, v0x10350c8a0_0;  1 drivers
v0x103508000_0 .net "sel", 1 0, v0x10350c940_0;  1 drivers
v0x10350c800_0 .var "y", 0 0;
E_0x103504c10 .event anyedge, v0x103508000_0, v0x103507f60_0;
    .scope S_0x103507de0;
T_0 ;
    %wait E_0x103504c10;
    %load/vec4 v0x103508000_0;
    %dup/vec4;
    %pushi/vec4 0, 0, 2;
    %cmp/e;
    %jmp/1 T_0.0, 6;
    %dup/vec4;
    %pushi/vec4 1, 0, 2;
    %cmp/e;
    %jmp/1 T_0.1, 6;
    %dup/vec4;
    %pushi/vec4 2, 0, 2;
    %cmp/e;
    %jmp/1 T_0.2, 6;
    %dup/vec4;
    %pushi/vec4 3, 0, 2;
    %cmp/e;
    %jmp/1 T_0.3, 6;
    %pushi/vec4 1, 1, 1;
    %store/vec4 v0x10350c800_0, 0, 1;
    %jmp T_0.5;
T_0.0 ;
    %load/vec4 v0x103507f60_0;
    %parti/s 1, 0, 2;
    %store/vec4 v0x10350c800_0, 0, 1;
    %jmp T_0.5;
T_0.1 ;
    %load/vec4 v0x103507f60_0;
    %parti/s 1, 1, 2;
    %store/vec4 v0x10350c800_0, 0, 1;
    %jmp T_0.5;
T_0.2 ;
    %load/vec4 v0x103507f60_0;
    %parti/s 1, 2, 3;
    %store/vec4 v0x10350c800_0, 0, 1;
    %jmp T_0.5;
T_0.3 ;
    %load/vec4 v0x103507f60_0;
    %parti/s 1, 3, 3;
    %store/vec4 v0x10350c800_0, 0, 1;
    %jmp T_0.5;
T_0.5 ;
    %pop/vec4 1;
    %jmp T_0;
    .thread T_0, $push;
    .scope S_0x103504a30;
T_1 ;
    %pushi/vec4 100, 0, 32;
T_1.0 %dup/vec4;
    %cmpi/s 0, 0, 32;
    %jmp/1xz T_1.1, 5;
    %jmp/1 T_1.1, 4;
    %subi 1, 0, 32;
    %vpi_func 2 14 "$random" 32 {0 0 0};
    %pushi/vec4 2, 0, 32;
    %mod/s;
    %pad/s 2;
    %store/vec4 v0x10350c940_0, 0, 2;
    %vpi_func 2 15 "$random" 32 {0 0 0};
    %pushi/vec4 4, 0, 32;
    %mod/s;
    %pad/s 4;
    %store/vec4 v0x10350c8a0_0, 0, 4;
    %delay 10, 0;
    %jmp T_1.0;
T_1.1 ;
    %pop/vec4 1;
    %vpi_call 2 18 "$stop" {0 0 0};
    %vpi_call 2 19 "$finish" {0 0 0};
    %end;
    .thread T_1;
    .scope S_0x103504a30;
T_2 ;
    %vpi_call 2 23 "$monitor", "En el tiempo de simulaci\303\263n %0t, Entrada: sel = %2b, i = %4b, Salida: y = %b", $time, v0x10350c940_0, v0x10350c8a0_0, v0x10350c9e0_0 {0 0 0};
    %end;
    .thread T_2;
# The file index is used to find the file name in the following table.
:file_names 4;
    "N/A";
    "<interactive>";
    "Act10_MUX_tb.v";
    "Act10_MUX.v";
