#! /Users/mvasconezg/oss-cad-suite/bin/vvp
:ivl_version "14.0 (devel)" "(s20260301-168-g7b2c05045-dirty)";
:ivl_delay_selection "TYPICAL";
:vpi_time_precision + 0;
:vpi_module "/Users/mvasconezg/oss-cad-suite/lib/ivl/system.vpi";
:vpi_module "/Users/mvasconezg/oss-cad-suite/lib/ivl/vhdl_sys.vpi";
:vpi_module "/Users/mvasconezg/oss-cad-suite/lib/ivl/vhdl_textio.vpi";
:vpi_module "/Users/mvasconezg/oss-cad-suite/lib/ivl/v2005_math.vpi";
:vpi_module "/Users/mvasconezg/oss-cad-suite/lib/ivl/va_math.vpi";
S_0x10142ab50 .scope module, "Act10_DEMUX_tb" "Act10_DEMUX_tb" 2 1;
 .timescale 0 0;
v0x101435980_0 .var "i", 0 0;
v0x101435a20_0 .var "sel", 1 0;
v0x101435ac0_0 .net "y0", 0 0, v0x101430780_0;  1 drivers
v0x101435b60_0 .net "y1", 0 0, v0x1014357a0_0;  1 drivers
v0x101435c00_0 .net "y2", 0 0, v0x101435840_0;  1 drivers
v0x101435ca0_0 .net "y3", 0 0, v0x1014358e0_0;  1 drivers
S_0x101430560 .scope module, "DUT" "Act10_DEMUX" 2 6, 3 1 0, S_0x10142ab50;
 .timescale 0 0;
    .port_info 0 /INPUT 2 "sel";
    .port_info 1 /INPUT 1 "i";
    .port_info 2 /OUTPUT 1 "y0";
    .port_info 3 /OUTPUT 1 "y1";
    .port_info 4 /OUTPUT 1 "y2";
    .port_info 5 /OUTPUT 1 "y3";
v0x10142acd0_0 .net "i", 0 0, v0x101435980_0;  1 drivers
v0x1014306e0_0 .net "sel", 1 0, v0x101435a20_0;  1 drivers
v0x101430780_0 .var "y0", 0 0;
v0x1014357a0_0 .var "y1", 0 0;
v0x101435840_0 .var "y2", 0 0;
v0x1014358e0_0 .var "y3", 0 0;
E_0x10142b090 .event anyedge, v0x1014306e0_0, v0x10142acd0_0;
    .scope S_0x101430560;
T_0 ;
    %wait E_0x10142b090;
    %load/vec4 v0x1014306e0_0;
    %dup/vec4;
    %pushi/vec4 0, 0, 2;
    %cmp/e;
    %jmp/1 T_0.0, 6;
    %dup/vec4;
    %pushi/vec4 1, 0, 2;
    %cmp/e;
    %jmp/1 T_0.1, 6;
    %dup/vec4;
    %pushi/vec4 2, 0, 2;
    %cmp/e;
    %jmp/1 T_0.2, 6;
    %dup/vec4;
    %pushi/vec4 3, 0, 2;
    %cmp/e;
    %jmp/1 T_0.3, 6;
    %vpi_call 3 13 "$display", "Invalid sel input" {0 0 0};
    %jmp T_0.5;
T_0.0 ;
    %load/vec4 v0x10142acd0_0;
    %concati/vec4 0, 0, 3;
    %split/vec4 1;
    %store/vec4 v0x1014358e0_0, 0, 1;
    %split/vec4 1;
    %store/vec4 v0x101435840_0, 0, 1;
    %split/vec4 1;
    %store/vec4 v0x1014357a0_0, 0, 1;
    %store/vec4 v0x101430780_0, 0, 1;
    %jmp T_0.5;
T_0.1 ;
    %pushi/vec4 0, 0, 1;
    %load/vec4 v0x10142acd0_0;
    %concat/vec4; draw_concat_vec4
    %concati/vec4 0, 0, 2;
    %split/vec4 1;
    %store/vec4 v0x1014358e0_0, 0, 1;
    %split/vec4 1;
    %store/vec4 v0x101435840_0, 0, 1;
    %split/vec4 1;
    %store/vec4 v0x1014357a0_0, 0, 1;
    %store/vec4 v0x101430780_0, 0, 1;
    %jmp T_0.5;
T_0.2 ;
    %pushi/vec4 0, 0, 2;
    %load/vec4 v0x10142acd0_0;
    %concat/vec4; draw_concat_vec4
    %concati/vec4 0, 0, 1;
    %split/vec4 1;
    %store/vec4 v0x1014358e0_0, 0, 1;
    %split/vec4 1;
    %store/vec4 v0x101435840_0, 0, 1;
    %split/vec4 1;
    %store/vec4 v0x1014357a0_0, 0, 1;
    %store/vec4 v0x101430780_0, 0, 1;
    %jmp T_0.5;
T_0.3 ;
    %pushi/vec4 0, 0, 3;
    %load/vec4 v0x10142acd0_0;
    %concat/vec4; draw_concat_vec4
    %split/vec4 1;
    %store/vec4 v0x1014358e0_0, 0, 1;
    %split/vec4 1;
    %store/vec4 v0x101435840_0, 0, 1;
    %split/vec4 1;
    %store/vec4 v0x1014357a0_0, 0, 1;
    %store/vec4 v0x101430780_0, 0, 1;
    %jmp T_0.5;
T_0.5 ;
    %pop/vec4 1;
    %jmp T_0;
    .thread T_0, $push;
    .scope S_0x10142ab50;
T_1 ;
    %pushi/vec4 0, 0, 2;
    %store/vec4 v0x101435a20_0, 0, 2;
    %pushi/vec4 0, 0, 1;
    %store/vec4 v0x101435980_0, 0, 1;
    %delay 10, 0;
    %pushi/vec4 0, 0, 2;
    %store/vec4 v0x101435a20_0, 0, 2;
    %pushi/vec4 1, 0, 1;
    %store/vec4 v0x101435980_0, 0, 1;
    %delay 10, 0;
    %pushi/vec4 1, 0, 2;
    %store/vec4 v0x101435a20_0, 0, 2;
    %pushi/vec4 0, 0, 1;
    %store/vec4 v0x101435980_0, 0, 1;
    %delay 10, 0;
    %pushi/vec4 1, 0, 2;
    %store/vec4 v0x101435a20_0, 0, 2;
    %pushi/vec4 1, 0, 1;
    %store/vec4 v0x101435980_0, 0, 1;
    %delay 10, 0;
    %pushi/vec4 2, 0, 2;
    %store/vec4 v0x101435a20_0, 0, 2;
    %pushi/vec4 0, 0, 1;
    %store/vec4 v0x101435980_0, 0, 1;
    %delay 10, 0;
    %pushi/vec4 2, 0, 2;
    %store/vec4 v0x101435a20_0, 0, 2;
    %pushi/vec4 1, 0, 1;
    %store/vec4 v0x101435980_0, 0, 1;
    %delay 10, 0;
    %pushi/vec4 3, 0, 2;
    %store/vec4 v0x101435a20_0, 0, 2;
    %pushi/vec4 0, 0, 1;
    %store/vec4 v0x101435980_0, 0, 1;
    %delay 10, 0;
    %pushi/vec4 3, 0, 2;
    %store/vec4 v0x101435a20_0, 0, 2;
    %pushi/vec4 1, 0, 1;
    %store/vec4 v0x101435980_0, 0, 1;
    %delay 10, 0;
    %vpi_call 2 24 "$stop" {0 0 0};
    %vpi_call 2 25 "$finish" {0 0 0};
    %end;
    .thread T_1;
    .scope S_0x10142ab50;
T_2 ;
    %vpi_call 2 30 "$monitor", "En el tiempo de simulaci\303\263n %0t, Entrada: sel = %2b, i = %b, y0 = %b, y1 = %b, y2 = %b, y3 = %b", $time, v0x101435a20_0, v0x101435980_0, v0x101435ac0_0, v0x101435b60_0, v0x101435c00_0, v0x101435ca0_0 {0 0 0};
    %end;
    .thread T_2;
# The file index is used to find the file name in the following table.
:file_names 4;
    "N/A";
    "<interactive>";
    "Act10_DEMUX_tb.v";
    "Act10_DEMUX.v";
